<?xml version="1.0" encoding="UTF-8"?>
<coverage generated="1679440983367" clover="3.2.0">
  <project timestamp="1679440983367" name="All files">
    <metrics statements="4" coveredstatements="4" conditionals="4" coveredconditionals="3" methods="2" coveredmethods="2" elements="10" coveredelements="9" complexity="0" loc="4" ncloc="4" packages="1" files="1" classes="1"/>
    <file name="user.js" path="/home/p/projects/time-together/tests/user.js">
      <metrics statements="4" coveredstatements="4" conditionals="4" coveredconditionals="3" methods="2" coveredmethods="2"/>
      <line num="5" count="20" type="stmt"/>
      <line num="6" count="20" type="stmt"/>
      <line num="9" count="20" type="cond" truecount="3" falsecount="1"/>
      <line num="15" count="1" type="stmt"/>
    </file>
  </project>
</coverage>
