{"/home/p/projects/time-together/tests/user.js": {"path":"/home/p/projects/time-together/tests/user.js","statementMap":{"0":{"start":{"line":5,"column":8},"end":{"line":5,"column":33}},"1":{"start":{"line":6,"column":8},"end":{"line":6,"column":33}},"2":{"start":{"line":9,"column":8},"end":{"line":11,"column":20}},"3":{"start":{"line":15,"column":0},"end":{"line":15,"column":22}}},"fnMap":{"0":{"name":"(anonymous_0)","decl":{"start":{"line":4,"column":4},"end":{"line":4,"column":5}},"loc":{"start":{"line":4,"column":36},"end":{"line":7,"column":5}},"line":4},"1":{"name":"(anonymous_1)","decl":{"start":{"line":8,"column":4},"end":{"line":8,"column":5}},"loc":{"start":{"line":8,"column":30},"end":{"line":12,"column":5}},"line":8}},"branchMap":{"0":{"loc":{"start":{"line":9,"column":15},"end":{"line":11,"column":19}},"type":"cond-expr","locations":[{"start":{"line":10,"column":14},"end":{"line":10,"column":18}},{"start":{"line":11,"column":14},"end":{"line":11,"column":19}}],"line":9},"1":{"loc":{"start":{"line":9,"column":16},"end":{"line":9,"column":72}},"type":"binary-expr","locations":[{"start":{"line":9,"column":16},"end":{"line":9,"column":42}},{"start":{"line":9,"column":46},"end":{"line":9,"column":72}}],"line":9}},"s":{"0":20,"1":20,"2":20,"3":1},"f":{"0":20,"1":20},"b":{"0":[20,0],"1":[20,20]},"_coverageSchema":"1a1c01bbd47fc00a2c39e90264f33305004495a9","hash":"f6ceb7b1918a2402f16ddbde8ff3d95bcb4a3899"}
}
